<?xml version="1.0" encoding="UTF-8"?>
<!-- Generated by org.testng.reporters.JUnitXMLReporter -->
<testsuite ignored="0" hostname="OMAR-ABU-SNINEH" failures="0" tests="10" name="Default test" time="21.715" errors="0" timestamp="2024-08-21T17:24:24 EET">
  <testcase classname="AlmosaferHome.HomeTest" name="checkDefaultLanguage" time="0.063"/>
  <testcase classname="AlmosaferHome.HomeTest" name="checkDefaultCurrency" time="0.036"/>
  <testcase classname="AlmosaferHome.HomeTest" name="contactPhone" time="0.024"/>
  <testcase classname="AlmosaferHome.HomeTest" name="qitafLogoDisplayed" time="0.1"/>
  <testcase classname="AlmosaferHome.HomeTest" name="hotelsNotSelected" time="0.062"/>
  <testcase classname="AlmosaferHome.HomeTest" name="flightDatesCheck" time="0.275"/>
  <testcase classname="AlmosaferHome.HomeTest" name="switchLanguageRandomly" time="0.855"/>
  <testcase classname="AlmosaferHome.HomeTest" name="switchToHotelTabAndSearch" time="0.857"/>
  <testcase classname="AlmosaferHome.HomeTest" name="reservationSelectedRandomly" time="6.088"/>
  <testcase classname="AlmosaferHome.HomeTest" name="loadingFullyResult" time="10.043"/>
</testsuite> <!-- Default test -->
