<?xml version="1.0" encoding="UTF-8"?>
<!-- Generated by org.testng.reporters.JUnitXMLReporter -->
<testsuite ignored="0" hostname="OMAR-ABU-SNINEH" failures="0" tests="3" name="Default test" time="2.874" errors="0" timestamp="2024-08-18T17:26:34 EET">
  <testcase classname="AlmosaferHome.HomeTest" name="checkDefaultLanguage" time="0.032"/>
  <testcase classname="AlmosaferHome.HomeTest" name="checkDefaultCurrency" time="0.026"/>
  <testcase classname="AlmosaferHome.HomeTest" name="contactPhone" time="0.025"/>
</testsuite> <!-- Default test -->
