<?xml version="1.0" encoding="UTF-8"?>
<testng-results ignored="0" total="10" passed="10" failed="0" skipped="0">
  <reporter-output>
  </reporter-output>
  <suite started-at="2024-08-20T20:11:28 EET" name="Default suite" finished-at="2024-08-20T20:11:37 EET" duration-ms="9638">
    <groups>
    </groups>
    <test started-at="2024-08-20T20:11:28 EET" name="Default test" finished-at="2024-08-20T20:11:37 EET" duration-ms="9638">
      <class name="AlmosaferHome.HomeTest">
        <test-method is-config="true" signature="setUp()[pri:0, instance:AlmosaferHome.HomeTest@44c79f32]" started-at="2024-08-20T20:11:28 EET" name="setUp" finished-at="2024-08-20T20:11:30 EET" duration-ms="2472" status="PASS">
          <reporter-output>
          </reporter-output>
        </test-method> <!-- setUp -->
        <test-method signature="checkDefaultLanguage()[pri:1, instance:AlmosaferHome.HomeTest@44c79f32]" started-at="2024-08-20T20:11:30 EET" name="checkDefaultLanguage" finished-at="2024-08-20T20:11:30 EET" duration-ms="76" status="PASS">
          <reporter-output>
          </reporter-output>
        </test-method> <!-- checkDefaultLanguage -->
        <test-method signature="checkDefaultCurrency()[pri:2, instance:AlmosaferHome.HomeTest@44c79f32]" started-at="2024-08-20T20:11:30 EET" name="checkDefaultCurrency" finished-at="2024-08-20T20:11:30 EET" duration-ms="45" status="PASS">
          <reporter-output>
          </reporter-output>
        </test-method> <!-- checkDefaultCurrency -->
        <test-method signature="contactPhone()[pri:3, instance:AlmosaferHome.HomeTest@44c79f32]" started-at="2024-08-20T20:11:30 EET" name="contactPhone" finished-at="2024-08-20T20:11:30 EET" duration-ms="25" status="PASS">
          <reporter-output>
          </reporter-output>
        </test-method> <!-- contactPhone -->
        <test-method signature="qitafLogoDisplayed()[pri:4, instance:AlmosaferHome.HomeTest@44c79f32]" started-at="2024-08-20T20:11:30 EET" name="qitafLogoDisplayed" finished-at="2024-08-20T20:11:31 EET" duration-ms="61" status="PASS">
          <reporter-output>
          </reporter-output>
        </test-method> <!-- qitafLogoDisplayed -->
        <test-method signature="hotelsNotSelected()[pri:5, instance:AlmosaferHome.HomeTest@44c79f32]" started-at="2024-08-20T20:11:31 EET" name="hotelsNotSelected" finished-at="2024-08-20T20:11:31 EET" duration-ms="27" status="PASS">
          <reporter-output>
          </reporter-output>
        </test-method> <!-- hotelsNotSelected -->
        <test-method signature="flightDatesCheck()[pri:6, instance:AlmosaferHome.HomeTest@44c79f32]" started-at="2024-08-20T20:11:31 EET" name="flightDatesCheck" finished-at="2024-08-20T20:11:31 EET" duration-ms="59" status="PASS">
          <reporter-output>
          </reporter-output>
        </test-method> <!-- flightDatesCheck -->
        <test-method signature="switchLanguageRandomly()[pri:7, instance:AlmosaferHome.HomeTest@44c79f32]" started-at="2024-08-20T20:11:31 EET" name="switchLanguageRandomly" finished-at="2024-08-20T20:11:32 EET" duration-ms="984" status="PASS">
          <reporter-output>
          </reporter-output>
        </test-method> <!-- switchLanguageRandomly -->
        <test-method signature="switchToHotelTabAndSearch()[pri:8, instance:AlmosaferHome.HomeTest@44c79f32]" started-at="2024-08-20T20:11:32 EET" name="switchToHotelTabAndSearch" finished-at="2024-08-20T20:11:32 EET" duration-ms="537" status="PASS">
          <reporter-output>
          </reporter-output>
        </test-method> <!-- switchToHotelTabAndSearch -->
        <test-method signature="reservationSelectedRandomly()[pri:9, instance:AlmosaferHome.HomeTest@44c79f32]" started-at="2024-08-20T20:11:32 EET" name="reservationSelectedRandomly" finished-at="2024-08-20T20:11:37 EET" duration-ms="4888" status="PASS">
          <reporter-output>
          </reporter-output>
        </test-method> <!-- reservationSelectedRandomly -->
        <test-method signature="loadingFullyResult()[pri:10, instance:AlmosaferHome.HomeTest@44c79f32]" started-at="2024-08-20T20:11:37 EET" name="loadingFullyResult" finished-at="2024-08-20T20:11:37 EET" duration-ms="1" status="PASS">
          <reporter-output>
          </reporter-output>
        </test-method> <!-- loadingFullyResult -->
        <test-method is-config="true" signature="cleanUp()[pri:0, instance:AlmosaferHome.HomeTest@44c79f32]" started-at="2024-08-20T20:11:37 EET" name="cleanUp" finished-at="2024-08-20T20:11:37 EET" duration-ms="397" status="PASS">
          <reporter-output>
          </reporter-output>
        </test-method> <!-- cleanUp -->
      </class> <!-- AlmosaferHome.HomeTest -->
    </test> <!-- Default test -->
  </suite> <!-- Default suite -->
</testng-results>
