<?xml version="1.0" encoding="UTF-8"?>
<testng-results ignored="0" total="7" passed="7" failed="0" skipped="0">
  <reporter-output>
  </reporter-output>
  <suite started-at="2024-08-19T18:46:25 EET" name="Default suite" finished-at="2024-08-19T18:46:29 EET" duration-ms="3726">
    <groups>
    </groups>
    <test started-at="2024-08-19T18:46:25 EET" name="Default test" finished-at="2024-08-19T18:46:29 EET" duration-ms="3726">
      <class name="AlmosaferHome.HomeTest">
        <test-method is-config="true" signature="setUp()[pri:0, instance:AlmosaferHome.HomeTest@44c79f32]" started-at="2024-08-19T18:46:25 EET" name="setUp" finished-at="2024-08-19T18:46:27 EET" duration-ms="2482" status="PASS">
          <reporter-output>
          </reporter-output>
        </test-method> <!-- setUp -->
        <test-method signature="checkDefaultLanguage()[pri:1, instance:AlmosaferHome.HomeTest@44c79f32]" started-at="2024-08-19T18:46:27 EET" name="checkDefaultLanguage" finished-at="2024-08-19T18:46:28 EET" duration-ms="36" status="PASS">
          <reporter-output>
          </reporter-output>
        </test-method> <!-- checkDefaultLanguage -->
        <test-method signature="checkDefaultCurrency()[pri:2, instance:AlmosaferHome.HomeTest@44c79f32]" started-at="2024-08-19T18:46:28 EET" name="checkDefaultCurrency" finished-at="2024-08-19T18:46:28 EET" duration-ms="36" status="PASS">
          <reporter-output>
          </reporter-output>
        </test-method> <!-- checkDefaultCurrency -->
        <test-method signature="contactPhone()[pri:3, instance:AlmosaferHome.HomeTest@44c79f32]" started-at="2024-08-19T18:46:28 EET" name="contactPhone" finished-at="2024-08-19T18:46:28 EET" duration-ms="26" status="PASS">
          <reporter-output>
          </reporter-output>
        </test-method> <!-- contactPhone -->
        <test-method signature="qitafLogoDisplayed()[pri:4, instance:AlmosaferHome.HomeTest@44c79f32]" started-at="2024-08-19T18:46:28 EET" name="qitafLogoDisplayed" finished-at="2024-08-19T18:46:28 EET" duration-ms="53" status="PASS">
          <reporter-output>
          </reporter-output>
        </test-method> <!-- qitafLogoDisplayed -->
        <test-method signature="hotelsNotSelected()[pri:5, instance:AlmosaferHome.HomeTest@44c79f32]" started-at="2024-08-19T18:46:28 EET" name="hotelsNotSelected" finished-at="2024-08-19T18:46:28 EET" duration-ms="23" status="PASS">
          <reporter-output>
          </reporter-output>
        </test-method> <!-- hotelsNotSelected -->
        <test-method signature="flightDatesCheck()[pri:6, instance:AlmosaferHome.HomeTest@44c79f32]" started-at="2024-08-19T18:46:28 EET" name="flightDatesCheck" finished-at="2024-08-19T18:46:28 EET" duration-ms="61" status="PASS">
          <reporter-output>
          </reporter-output>
        </test-method> <!-- flightDatesCheck -->
        <test-method signature="switchLanguageRandomly()[pri:7, instance:AlmosaferHome.HomeTest@44c79f32]" started-at="2024-08-19T18:46:28 EET" name="switchLanguageRandomly" finished-at="2024-08-19T18:46:28 EET" duration-ms="692" status="PASS">
          <reporter-output>
          </reporter-output>
        </test-method> <!-- switchLanguageRandomly -->
        <test-method is-config="true" signature="cleanUp()[pri:0, instance:AlmosaferHome.HomeTest@44c79f32]" started-at="2024-08-19T18:46:28 EET" name="cleanUp" finished-at="2024-08-19T18:46:29 EET" duration-ms="267" status="PASS">
          <reporter-output>
          </reporter-output>
        </test-method> <!-- cleanUp -->
      </class> <!-- AlmosaferHome.HomeTest -->
    </test> <!-- Default test -->
  </suite> <!-- Default suite -->
</testng-results>
